<?xml version="1.0" encoding="UTF-8"?>
<testng-results ignored="0" total="1" passed="1" failed="0" skipped="0">
  <reporter-output>
    <line>
      <![CDATA[1. Complete a successful login]]>
    </line>
    <line>
      <![CDATA[Navigated to https://www.saucedemo.com/]]>
    </line>
    <line>
      <![CDATA[Element clicked]]>
    </line>
    <line>
      <![CDATA[Successfully Signed In with the STANDARD account]]>
    </line>
    <line>
      <![CDATA[2. Add saucelabs backpack to cart]]>
    </line>
    <line>
      <![CDATA[Product Sauce Labs Backpack added to test session]]>
    </line>
    <line>
      <![CDATA[Element clicked]]>
    </line>
    <line>
      <![CDATA[Sauce Labs backpack added to cart.]]>
    </line>
    <line>
      <![CDATA[3. Add saucelabs bike light to cart]]>
    </line>
    <line>
      <![CDATA[Product Sauce Labs Bike Light added to test session]]>
    </line>
    <line>
      <![CDATA[Element clicked]]>
    </line>
    <line>
      <![CDATA[Sauce Labs bicke light added to cart.]]>
    </line>
    <line>
      <![CDATA[4. Click cart button]]>
    </line>
    <line>
      <![CDATA[Element clicked]]>
    </line>
    <line>
      <![CDATA[5. verify url changes to '/cart.html']]>
    </line>
    <line>
      <![CDATA[Page navigated to /cart.html]]>
    </line>
    <line>
      <![CDATA[6. verify there are 2 items in the cart page]]>
    </line>
    <line>
      <![CDATA[7. verify both product names and prices are in the cart page]]>
    </line>
    <line>
      <![CDATA[Cart page products names and prices initialized.]]>
    </line>
    <line>
      <![CDATA[Gathering cart products...]]>
    </line>
    <line>
      <![CDATA[Gathering cart products...]]>
    </line>
    <line>
      <![CDATA[Items added to cart from inventory page gathered from session.]]>
    </line>
    <line>
      <![CDATA[Cart page products names and prices gathered.]]>
    </line>
    <line>
      <![CDATA[Amount of items in cart and items in session matched.]]>
    </line>
    <line>
      <![CDATA[Products added in inventory page present in cart page.]]>
    </line>
    <line>
      <![CDATA[Test session data cleared.]]>
    </line>
  </reporter-output>
  <suite started-at="2025-12-15T17:17:53 CST" name="Default suite" finished-at="2025-12-15T17:17:55 CST" duration-ms="2901">
    <groups>
    </groups>
    <test started-at="2025-12-15T17:17:53 CST" name="Default test" finished-at="2025-12-15T17:17:55 CST" duration-ms="2901">
      <class name="tests.SD5_Verify_multiple_items_cart">
        <test-method is-config="true" signature="driverSetup()[pri:0, instance:tests.SD5_Verify_multiple_items_cart@dd05255]" started-at="2025-12-15T17:17:53 CST" name="driverSetup" finished-at="2025-12-15T17:17:54 CST" duration-ms="1345" status="PASS">
          <reporter-output>
          </reporter-output>
        </test-method> <!-- driverSetup -->
        <test-method signature="test_Verify_multiple_items_cart()[pri:0, instance:tests.SD5_Verify_multiple_items_cart@dd05255]" started-at="2025-12-15T17:17:54 CST" name="test_Verify_multiple_items_cart" finished-at="2025-12-15T17:17:55 CST" duration-ms="1318" status="PASS">
          <reporter-output>
            <line>
              <![CDATA[1. Complete a successful login]]>
            </line>
            <line>
              <![CDATA[Navigated to https://www.saucedemo.com/]]>
            </line>
            <line>
              <![CDATA[Element clicked]]>
            </line>
            <line>
              <![CDATA[Successfully Signed In with the STANDARD account]]>
            </line>
            <line>
              <![CDATA[2. Add saucelabs backpack to cart]]>
            </line>
            <line>
              <![CDATA[Product Sauce Labs Backpack added to test session]]>
            </line>
            <line>
              <![CDATA[Element clicked]]>
            </line>
            <line>
              <![CDATA[Sauce Labs backpack added to cart.]]>
            </line>
            <line>
              <![CDATA[3. Add saucelabs bike light to cart]]>
            </line>
            <line>
              <![CDATA[Product Sauce Labs Bike Light added to test session]]>
            </line>
            <line>
              <![CDATA[Element clicked]]>
            </line>
            <line>
              <![CDATA[Sauce Labs bicke light added to cart.]]>
            </line>
            <line>
              <![CDATA[4. Click cart button]]>
            </line>
            <line>
              <![CDATA[Element clicked]]>
            </line>
            <line>
              <![CDATA[5. verify url changes to '/cart.html']]>
            </line>
            <line>
              <![CDATA[Page navigated to /cart.html]]>
            </line>
            <line>
              <![CDATA[6. verify there are 2 items in the cart page]]>
            </line>
            <line>
              <![CDATA[7. verify both product names and prices are in the cart page]]>
            </line>
            <line>
              <![CDATA[Cart page products names and prices initialized.]]>
            </line>
            <line>
              <![CDATA[Gathering cart products...]]>
            </line>
            <line>
              <![CDATA[Gathering cart products...]]>
            </line>
            <line>
              <![CDATA[Items added to cart from inventory page gathered from session.]]>
            </line>
            <line>
              <![CDATA[Cart page products names and prices gathered.]]>
            </line>
            <line>
              <![CDATA[Amount of items in cart and items in session matched.]]>
            </line>
            <line>
              <![CDATA[Products added in inventory page present in cart page.]]>
            </line>
          </reporter-output>
        </test-method> <!-- test_Verify_multiple_items_cart -->
        <test-method is-config="true" signature="testTearDown()[pri:0, instance:tests.SD5_Verify_multiple_items_cart@dd05255]" started-at="2025-12-15T17:17:55 CST" name="testTearDown" finished-at="2025-12-15T17:17:55 CST" duration-ms="213" status="PASS">
          <reporter-output>
            <line>
              <![CDATA[Test session data cleared.]]>
            </line>
          </reporter-output>
        </test-method> <!-- testTearDown -->
      </class> <!-- tests.SD5_Verify_multiple_items_cart -->
    </test> <!-- Default test -->
  </suite> <!-- Default suite -->
</testng-results>
