<?xml version="1.0" encoding="UTF-8"?>
<testng-results ignored="0" total="1" passed="1" failed="0" skipped="0">
  <reporter-output>
    <line>
      <![CDATA[1. Complete a successful login]]>
    </line>
    <line>
      <![CDATA[Navigated to https://www.saucedemo.com/]]>
    </line>
    <line>
      <![CDATA[Element clicked]]>
    </line>
    <line>
      <![CDATA[Successfully Signed In with the STANDARD account]]>
    </line>
    <line>
      <![CDATA[2. Add any product to the cart and proceed to checkout]]>
    </line>
    <line>
      <![CDATA[Element clicked]]>
    </line>
    <line>
      <![CDATA[Sauce Labs backpack added to cart.]]>
    </line>
    <line>
      <![CDATA[Element clicked]]>
    </line>
    <line>
      <![CDATA[Element clicked]]>
    </line>
    <line>
      <![CDATA[3. Leave First Name field empty]]>
    </line>
    <line>
      <![CDATA[4. Fill Last name and ZIP code]]>
    </line>
    <line>
      <![CDATA[Element visible]]>
    </line>
    <line>
      <![CDATA[Text Field filled.]]>
    </line>
    <line>
      <![CDATA[Element visible]]>
    </line>
    <line>
      <![CDATA[Text Field filled.]]>
    </line>
    <line>
      <![CDATA[5. Click continue]]>
    </line>
    <line>
      <![CDATA[Element clicked]]>
    </line>
    <line>
      <![CDATA[6. Verify error message]]>
    </line>
    <line>
      <![CDATA[Element visible]]>
    </line>
    <line>
      <![CDATA[Element displayed]]>
    </line>
    <line>
      <![CDATA[Expected message: Error: First Name is required displayed]]>
    </line>
    <line>
      <![CDATA[Element clicked]]>
    </line>
    <line>
      <![CDATA[Element clicked]]>
    </line>
    <line>
      <![CDATA[7. Repeat with zip code and Last name]]>
    </line>
    <line>
      <![CDATA[Checking missing zip code error.]]>
    </line>
    <line>
      <![CDATA[Element visible]]>
    </line>
    <line>
      <![CDATA[Text Field filled.]]>
    </line>
    <line>
      <![CDATA[Element visible]]>
    </line>
    <line>
      <![CDATA[Text Field filled.]]>
    </line>
    <line>
      <![CDATA[Element clicked]]>
    </line>
    <line>
      <![CDATA[Element visible]]>
    </line>
    <line>
      <![CDATA[Element displayed]]>
    </line>
    <line>
      <![CDATA[Expected message: Error: Postal Code is required displayed]]>
    </line>
    <line>
      <![CDATA[Element clicked]]>
    </line>
    <line>
      <![CDATA[Element clicked]]>
    </line>
    <line>
      <![CDATA[Checking missing Last Name error.]]>
    </line>
    <line>
      <![CDATA[Element visible]]>
    </line>
    <line>
      <![CDATA[Text Field filled.]]>
    </line>
    <line>
      <![CDATA[Element visible]]>
    </line>
    <line>
      <![CDATA[Text Field filled.]]>
    </line>
    <line>
      <![CDATA[Element clicked]]>
    </line>
    <line>
      <![CDATA[Element visible]]>
    </line>
    <line>
      <![CDATA[Element displayed]]>
    </line>
    <line>
      <![CDATA[Expected message: Error: Last Name is required displayed]]>
    </line>
  </reporter-output>
  <suite started-at="2025-11-19T14:34:26 CST" name="Default suite" finished-at="2025-11-19T14:34:29 CST" duration-ms="3375">
    <groups>
    </groups>
    <test started-at="2025-11-19T14:34:26 CST" name="Default test" finished-at="2025-11-19T14:34:29 CST" duration-ms="3375">
      <class name="tests.SD10_Verify_Mandatory_Checkout_Fields">
        <test-method is-config="true" signature="driverSetup()[pri:0, instance:tests.SD10_Verify_Mandatory_Checkout_Fields@dd05255]" started-at="2025-11-19T14:34:26 CST" name="driverSetup" finished-at="2025-11-19T14:34:27 CST" duration-ms="1327" status="PASS">
          <reporter-output>
          </reporter-output>
        </test-method> <!-- driverSetup -->
        <test-method signature="test_SD10_Verify_Mandatory_Checkout_Fields()[pri:0, instance:tests.SD10_Verify_Mandatory_Checkout_Fields@dd05255]" started-at="2025-11-19T14:34:27 CST" name="test_SD10_Verify_Mandatory_Checkout_Fields" finished-at="2025-11-19T14:34:29 CST" duration-ms="1822" status="PASS">
          <reporter-output>
            <line>
              <![CDATA[1. Complete a successful login]]>
            </line>
            <line>
              <![CDATA[Navigated to https://www.saucedemo.com/]]>
            </line>
            <line>
              <![CDATA[Element clicked]]>
            </line>
            <line>
              <![CDATA[Successfully Signed In with the STANDARD account]]>
            </line>
            <line>
              <![CDATA[2. Add any product to the cart and proceed to checkout]]>
            </line>
            <line>
              <![CDATA[Element clicked]]>
            </line>
            <line>
              <![CDATA[Sauce Labs backpack added to cart.]]>
            </line>
            <line>
              <![CDATA[Element clicked]]>
            </line>
            <line>
              <![CDATA[Element clicked]]>
            </line>
            <line>
              <![CDATA[3. Leave First Name field empty]]>
            </line>
            <line>
              <![CDATA[4. Fill Last name and ZIP code]]>
            </line>
            <line>
              <![CDATA[Element visible]]>
            </line>
            <line>
              <![CDATA[Text Field filled.]]>
            </line>
            <line>
              <![CDATA[Element visible]]>
            </line>
            <line>
              <![CDATA[Text Field filled.]]>
            </line>
            <line>
              <![CDATA[5. Click continue]]>
            </line>
            <line>
              <![CDATA[Element clicked]]>
            </line>
            <line>
              <![CDATA[6. Verify error message]]>
            </line>
            <line>
              <![CDATA[Element visible]]>
            </line>
            <line>
              <![CDATA[Element displayed]]>
            </line>
            <line>
              <![CDATA[Expected message: Error: First Name is required displayed]]>
            </line>
            <line>
              <![CDATA[Element clicked]]>
            </line>
            <line>
              <![CDATA[Element clicked]]>
            </line>
            <line>
              <![CDATA[7. Repeat with zip code and Last name]]>
            </line>
            <line>
              <![CDATA[Checking missing zip code error.]]>
            </line>
            <line>
              <![CDATA[Element visible]]>
            </line>
            <line>
              <![CDATA[Text Field filled.]]>
            </line>
            <line>
              <![CDATA[Element visible]]>
            </line>
            <line>
              <![CDATA[Text Field filled.]]>
            </line>
            <line>
              <![CDATA[Element clicked]]>
            </line>
            <line>
              <![CDATA[Element visible]]>
            </line>
            <line>
              <![CDATA[Element displayed]]>
            </line>
            <line>
              <![CDATA[Expected message: Error: Postal Code is required displayed]]>
            </line>
            <line>
              <![CDATA[Element clicked]]>
            </line>
            <line>
              <![CDATA[Element clicked]]>
            </line>
            <line>
              <![CDATA[Checking missing Last Name error.]]>
            </line>
            <line>
              <![CDATA[Element visible]]>
            </line>
            <line>
              <![CDATA[Text Field filled.]]>
            </line>
            <line>
              <![CDATA[Element visible]]>
            </line>
            <line>
              <![CDATA[Text Field filled.]]>
            </line>
            <line>
              <![CDATA[Element clicked]]>
            </line>
            <line>
              <![CDATA[Element visible]]>
            </line>
            <line>
              <![CDATA[Element displayed]]>
            </line>
            <line>
              <![CDATA[Expected message: Error: Last Name is required displayed]]>
            </line>
          </reporter-output>
        </test-method> <!-- test_SD10_Verify_Mandatory_Checkout_Fields -->
        <test-method is-config="true" signature="testTearDown()[pri:0, instance:tests.SD10_Verify_Mandatory_Checkout_Fields@dd05255]" started-at="2025-11-19T14:34:29 CST" name="testTearDown" finished-at="2025-11-19T14:34:29 CST" duration-ms="205" status="PASS">
          <reporter-output>
          </reporter-output>
        </test-method> <!-- testTearDown -->
      </class> <!-- tests.SD10_Verify_Mandatory_Checkout_Fields -->
    </test> <!-- Default test -->
  </suite> <!-- Default suite -->
</testng-results>
