<?xml version="1.0" encoding="UTF-8"?>
<testng-results ignored="0" total="10" passed="10" failed="0" skipped="0">
  <reporter-output>
    <line>
      <![CDATA[1. Navigate to: https://www.saucedemo.com.]]>
    </line>
    <line>
      <![CDATA[Navigated to https://www.saucedemo.com/]]>
    </line>
    <line>
      <![CDATA[2. Write username: 'standard_user'.]]>
    </line>
    <line>
      <![CDATA[3. Write password: 'secret_sauce'.]]>
    </line>
    <line>
      <![CDATA[4. click 'Login' button.]]>
    </line>
    <line>
      <![CDATA[Element clicked]]>
    </line>
    <line>
      <![CDATA[Successfully Signed In with the STANDARD account]]>
    </line>
    <line>
      <![CDATA[5. Verify Url changed to '/inventory.html'.]]>
    </line>
    <line>
      <![CDATA[Page navigated to /inventory.html]]>
    </line>
    <line>
      <![CDATA[6. Verify page title is 'Products'.]]>
    </line>
    <line>
      <![CDATA[Inventory Page title dsiplayed correctly]]>
    </line>
    <line>
      <![CDATA[1. Navigate to: https://www.saucedemo.com]]>
    </line>
    <line>
      <![CDATA[Navigated to https://www.saucedemo.com/]]>
    </line>
    <line>
      <![CDATA[2. Write username: 'invalid_user']]>
    </line>
    <line>
      <![CDATA[3. Write password: 'wrong_password']]>
    </line>
    <line>
      <![CDATA[4. click 'Login' button]]>
    </line>
    <line>
      <![CDATA[Element clicked]]>
    </line>
    <line>
      <![CDATA[Successfully Signed In with the INVALID account]]>
    </line>
    <line>
      <![CDATA[5. Verify 'Epic sadface: Username and password do not match any user in this service' error message]]>
    </line>
    <line>
      <![CDATA[Element visible]]>
    </line>
    <line>
      <![CDATA[Element displayed]]>
    </line>
    <line>
      <![CDATA[Error message displayed correctly]]>
    </line>
    <line>
      <![CDATA[6. Verify page stays in LoginPage]]>
    </line>
    <line>
      <![CDATA[Page navigated to https://www.saucedemo.com/]]>
    </line>
    <line>
      <![CDATA[1. Complete a successful login]]>
    </line>
    <line>
      <![CDATA[Navigated to https://www.saucedemo.com/]]>
    </line>
    <line>
      <![CDATA[Element clicked]]>
    </line>
    <line>
      <![CDATA[Successfully Signed In with the STANDARD account]]>
    </line>
    <line>
      <![CDATA[2. Locate 'Sauce Labs backpack' item]]>
    </line>
    <line>
      <![CDATA[3. Click 'Add to Cart' button]]>
    </line>
    <line>
      <![CDATA[Element clicked]]>
    </line>
    <line>
      <![CDATA[Sauce Labs backpack added to cart.]]>
    </line>
    <line>
      <![CDATA[4. Verify button changed to 'Remove']]>
    </line>
    <line>
      <![CDATA[Element visible]]>
    </line>
    <line>
      <![CDATA[Element displayed]]>
    </line>
    <line>
      <![CDATA[Sauce Labs backpack remove button displayed.]]>
    </line>
    <line>
      <![CDATA[5. Verify Shoppin cart badge changed to '1']]>
    </line>
    <line>
      <![CDATA[Element visible]]>
    </line>
    <line>
      <![CDATA[Expected badge number: 1 Is the actual badge number: 1]]>
    </line>
    <line>
      <![CDATA[1. Complete a successful login]]>
    </line>
    <line>
      <![CDATA[Navigated to https://www.saucedemo.com/]]>
    </line>
    <line>
      <![CDATA[Element clicked]]>
    </line>
    <line>
      <![CDATA[Successfully Signed In with the STANDARD account]]>
    </line>
    <line>
      <![CDATA[2. Add saucelabs backpack to cart]]>
    </line>
    <line>
      <![CDATA[Element clicked]]>
    </line>
    <line>
      <![CDATA[Sauce Labs backpack added to cart.]]>
    </line>
    <line>
      <![CDATA[3. Click 'Remove' button]]>
    </line>
    <line>
      <![CDATA[Element clicked]]>
    </line>
    <line>
      <![CDATA[Sauce Labs backpack product removed.]]>
    </line>
    <line>
      <![CDATA[4. Verify button changed to 'Add to cart']]>
    </line>
    <line>
      <![CDATA[Element visible]]>
    </line>
    <line>
      <![CDATA[Element displayed]]>
    </line>
    <line>
      <![CDATA[Sauce Labs backpack add to cart button displayed.]]>
    </line>
    <line>
      <![CDATA[5. Verify Shoppin cart badge changed to '0']]>
    </line>
    <line>
      <![CDATA[Element visible]]>
    </line>
    <line>
      <![CDATA[No Elements in Cart Badge]]>
    </line>
    <line>
      <![CDATA[1. Complete a successful login]]>
    </line>
    <line>
      <![CDATA[Navigated to https://www.saucedemo.com/]]>
    </line>
    <line>
      <![CDATA[Element clicked]]>
    </line>
    <line>
      <![CDATA[Successfully Signed In with the STANDARD account]]>
    </line>
    <line>
      <![CDATA[2. Add saucelabs backpack to cart]]>
    </line>
    <line>
      <![CDATA[Element clicked]]>
    </line>
    <line>
      <![CDATA[Sauce Labs backpack added to cart.]]>
    </line>
    <line>
      <![CDATA[3. Add saucelabs bike light to cart]]>
    </line>
    <line>
      <![CDATA[Element clicked]]>
    </line>
    <line>
      <![CDATA[Sauce Labs bicke light added to cart.]]>
    </line>
    <line>
      <![CDATA[4. Click cart button]]>
    </line>
    <line>
      <![CDATA[Element clicked]]>
    </line>
    <line>
      <![CDATA[5. verify url changes to '/cart.html']]>
    </line>
    <line>
      <![CDATA[Page navigated to /cart.html]]>
    </line>
    <line>
      <![CDATA[6. verify there are 2 items in the cart page]]>
    </line>
    <line>
      <![CDATA[7. verify both product names and prices are in the cart page]]>
    </line>
    <line>
      <![CDATA[1. Complete a successful login]]>
    </line>
    <line>
      <![CDATA[Navigated to https://www.saucedemo.com/]]>
    </line>
    <line>
      <![CDATA[Element clicked]]>
    </line>
    <line>
      <![CDATA[Successfully Signed In with the STANDARD account]]>
    </line>
    <line>
      <![CDATA[2. Add saucelabs backpack to cart]]>
    </line>
    <line>
      <![CDATA[Element clicked]]>
    </line>
    <line>
      <![CDATA[Sauce Labs backpack added to cart.]]>
    </line>
    <line>
      <![CDATA[3. Click cart button]]>
    </line>
    <line>
      <![CDATA[Element clicked]]>
    </line>
    <line>
      <![CDATA[4. Click checkout button]]>
    </line>
    <line>
      <![CDATA[Element clicked]]>
    </line>
    <line>
      <![CDATA[5. Write the following data :First name: JoeLast name: Doe12345 zip code]]>
    </line>
    <line>
      <![CDATA[Element visible]]>
    </line>
    <line>
      <![CDATA[Text Field filled.]]>
    </line>
    <line>
      <![CDATA[Element visible]]>
    </line>
    <line>
      <![CDATA[Text Field filled.]]>
    </line>
    <line>
      <![CDATA[Element visible]]>
    </line>
    <line>
      <![CDATA[Text Field filled.]]>
    </line>
    <line>
      <![CDATA[6. Click continue button]]>
    </line>
    <line>
      <![CDATA[Element clicked]]>
    </line>
    <line>
      <![CDATA[7.Validate we are in checkout overviewPage]]>
    </line>
    <line>
      <![CDATA[Page navigated to /checkout-step-two.html]]>
    </line>
    <line>
      <![CDATA[8. Verify price, tax and total is displayed]]>
    </line>
    <line>
      <![CDATA[Element visible]]>
    </line>
    <line>
      <![CDATA[Expected elements present.]]>
    </line>
    <line>
      <![CDATA[9. Click Finish button]]>
    </line>
    <line>
      <![CDATA[Element clicked]]>
    </line>
    <line>
      <![CDATA[10. Validate 'Thank you for your order'! message.]]>
    </line>
    <line>
      <![CDATA[Page navigated to /checkout-complete.html]]>
    </line>
    <line>
      <![CDATA[Element visible]]>
    </line>
    <line>
      <![CDATA[Element displayed]]>
    </line>
    <line>
      <![CDATA[11. Validate confirmation icon displayed.]]>
    </line>
    <line>
      <![CDATA[Element visible]]>
    </line>
    <line>
      <![CDATA[Element displayed]]>
    </line>
    <line>
      <![CDATA[1. Complete a successful login]]>
    </line>
    <line>
      <![CDATA[Navigated to https://www.saucedemo.com/]]>
    </line>
    <line>
      <![CDATA[Element clicked]]>
    </line>
    <line>
      <![CDATA[Successfully Signed In with the STANDARD account]]>
    </line>
    <line>
      <![CDATA[2. Locate sort dropdown]]>
    </line>
    <line>
      <![CDATA[3. Sort by price (Low to high)]]>
    </line>
    <line>
      <![CDATA[Element visible]]>
    </line>
    <line>
      <![CDATA[Elements sorted with the valiue lohi✅]]>
    </line>
    <line>
      <![CDATA[4. Obtain all shown prices]]>
    </line>
    <line>
      <![CDATA[5. Verify prices are ordered low to high.]]>
    </line>
    <line>
      <![CDATA[Element visible]]>
    </line>
    <line>
      <![CDATA[prices sorted Low to High]]>
    </line>
    <line>
      <![CDATA[1. Complete a successful login]]>
    </line>
    <line>
      <![CDATA[Navigated to https://www.saucedemo.com/]]>
    </line>
    <line>
      <![CDATA[Element clicked]]>
    </line>
    <line>
      <![CDATA[Successfully Signed In with the STANDARD account]]>
    </line>
    <line>
      <![CDATA[2. Click Hamburguer menu]]>
    </line>
    <line>
      <![CDATA[Element visible]]>
    </line>
    <line>
      <![CDATA[Element clicked]]>
    </line>
    <line>
      <![CDATA[3. Click logout]]>
    </line>
    <line>
      <![CDATA[Element visible]]>
    </line>
    <line>
      <![CDATA[Element clicked]]>
    </line>
    <line>
      <![CDATA[4. Verify we are back in Login Page]]>
    </line>
    <line>
      <![CDATA[5. Verify URL is the main Page.]]>
    </line>
    <line>
      <![CDATA[Page navigated to https://www.saucedemo.com/]]>
    </line>
    <line>
      <![CDATA[6. Try to navigate to '/inventory.html'.]]>
    </line>
    <line>
      <![CDATA[Navigated to https://www.saucedemo.com/inventory.html]]>
    </line>
    <line>
      <![CDATA[7. Verify you are in login Page.]]>
    </line>
    <line>
      <![CDATA[Page navigated to https://www.saucedemo.com/]]>
    </line>
    <line>
      <![CDATA[1. Complete a successful login]]>
    </line>
    <line>
      <![CDATA[Navigated to https://www.saucedemo.com/]]>
    </line>
    <line>
      <![CDATA[Element clicked]]>
    </line>
    <line>
      <![CDATA[Successfully Signed In with the STANDARD account]]>
    </line>
    <line>
      <![CDATA[2. Add any product to the cart]]>
    </line>
    <line>
      <![CDATA[Element clicked]]>
    </line>
    <line>
      <![CDATA[Sauce Labs backpack added to cart.]]>
    </line>
    <line>
      <![CDATA[3. Click cart button]]>
    </line>
    <line>
      <![CDATA[Element clicked]]>
    </line>
    <line>
      <![CDATA[4. Click continue shopping button]]>
    </line>
    <line>
      <![CDATA[Element clicked]]>
    </line>
    <line>
      <![CDATA[5. Verify you are in 'inventory' page]]>
    </line>
    <line>
      <![CDATA[Inventory Page title dsiplayed correctly]]>
    </line>
    <line>
      <![CDATA[1. Complete a successful login]]>
    </line>
    <line>
      <![CDATA[Navigated to https://www.saucedemo.com/]]>
    </line>
    <line>
      <![CDATA[Element clicked]]>
    </line>
    <line>
      <![CDATA[Successfully Signed In with the STANDARD account]]>
    </line>
    <line>
      <![CDATA[2. Add any product to the cart and proceed to checkout]]>
    </line>
    <line>
      <![CDATA[Element clicked]]>
    </line>
    <line>
      <![CDATA[Sauce Labs backpack added to cart.]]>
    </line>
    <line>
      <![CDATA[Element clicked]]>
    </line>
    <line>
      <![CDATA[Element clicked]]>
    </line>
    <line>
      <![CDATA[3. Leave First Name field empty]]>
    </line>
    <line>
      <![CDATA[4. Fill Last name and ZIP code]]>
    </line>
    <line>
      <![CDATA[Element visible]]>
    </line>
    <line>
      <![CDATA[Text Field filled.]]>
    </line>
    <line>
      <![CDATA[Element visible]]>
    </line>
    <line>
      <![CDATA[Text Field filled.]]>
    </line>
    <line>
      <![CDATA[5. Click continue]]>
    </line>
    <line>
      <![CDATA[Element clicked]]>
    </line>
    <line>
      <![CDATA[6. Verify error message]]>
    </line>
    <line>
      <![CDATA[Element visible]]>
    </line>
    <line>
      <![CDATA[Element displayed]]>
    </line>
    <line>
      <![CDATA[Expected message: Error: First Name is required displayed]]>
    </line>
    <line>
      <![CDATA[Element clicked]]>
    </line>
    <line>
      <![CDATA[Element clicked]]>
    </line>
    <line>
      <![CDATA[7. Repeat with zip code and Last name]]>
    </line>
    <line>
      <![CDATA[Checking missing zip code error.]]>
    </line>
    <line>
      <![CDATA[Element visible]]>
    </line>
    <line>
      <![CDATA[Text Field filled.]]>
    </line>
    <line>
      <![CDATA[Element visible]]>
    </line>
    <line>
      <![CDATA[Text Field filled.]]>
    </line>
    <line>
      <![CDATA[Element clicked]]>
    </line>
    <line>
      <![CDATA[Element visible]]>
    </line>
    <line>
      <![CDATA[Element displayed]]>
    </line>
    <line>
      <![CDATA[Expected message: Error: Postal Code is required displayed]]>
    </line>
    <line>
      <![CDATA[Element clicked]]>
    </line>
    <line>
      <![CDATA[Element clicked]]>
    </line>
    <line>
      <![CDATA[Checking missing Last Name error.]]>
    </line>
    <line>
      <![CDATA[Element visible]]>
    </line>
    <line>
      <![CDATA[Text Field filled.]]>
    </line>
    <line>
      <![CDATA[Element visible]]>
    </line>
    <line>
      <![CDATA[Text Field filled.]]>
    </line>
    <line>
      <![CDATA[Element clicked]]>
    </line>
    <line>
      <![CDATA[Element visible]]>
    </line>
    <line>
      <![CDATA[Element displayed]]>
    </line>
    <line>
      <![CDATA[Expected message: Error: Last Name is required displayed]]>
    </line>
  </reporter-output>
  <suite started-at="2025-12-10T14:32:22 CST" name="TestSuite" finished-at="2025-12-10T14:32:58 CST" duration-ms="35896">
    <groups>
    </groups>
    <test started-at="2025-12-10T14:32:22 CST" name="Complete proyect" finished-at="2025-12-10T14:32:58 CST" duration-ms="35896">
      <class name="tests.SD3_Add_tems_To_Cart">
        <test-method is-config="true" signature="driverSetup()[pri:0, instance:tests.SD3_Add_tems_To_Cart@10289886]" started-at="2025-12-10T14:32:28 CST" name="driverSetup" finished-at="2025-12-10T14:32:28 CST" duration-ms="881" status="PASS">
          <reporter-output>
          </reporter-output>
        </test-method> <!-- driverSetup -->
        <test-method signature="test_SD3_AddI_tems_To_Cart()[pri:0, instance:tests.SD3_Add_tems_To_Cart@10289886]" started-at="2025-12-10T14:32:28 CST" name="test_SD3_AddI_tems_To_Cart" finished-at="2025-12-10T14:32:41 CST" duration-ms="12748" status="PASS">
          <reporter-output>
            <line>
              <![CDATA[1. Complete a successful login]]>
            </line>
            <line>
              <![CDATA[Navigated to https://www.saucedemo.com/]]>
            </line>
            <line>
              <![CDATA[Element clicked]]>
            </line>
            <line>
              <![CDATA[Successfully Signed In with the STANDARD account]]>
            </line>
            <line>
              <![CDATA[2. Locate 'Sauce Labs backpack' item]]>
            </line>
            <line>
              <![CDATA[3. Click 'Add to Cart' button]]>
            </line>
            <line>
              <![CDATA[Element clicked]]>
            </line>
            <line>
              <![CDATA[Sauce Labs backpack added to cart.]]>
            </line>
            <line>
              <![CDATA[4. Verify button changed to 'Remove']]>
            </line>
            <line>
              <![CDATA[Element visible]]>
            </line>
            <line>
              <![CDATA[Element displayed]]>
            </line>
            <line>
              <![CDATA[Sauce Labs backpack remove button displayed.]]>
            </line>
            <line>
              <![CDATA[5. Verify Shoppin cart badge changed to '1']]>
            </line>
            <line>
              <![CDATA[Element visible]]>
            </line>
            <line>
              <![CDATA[Expected badge number: 1 Is the actual badge number: 1]]>
            </line>
          </reporter-output>
        </test-method> <!-- test_SD3_AddI_tems_To_Cart -->
        <test-method is-config="true" signature="testTearDown()[pri:0, instance:tests.SD3_Add_tems_To_Cart@10289886]" started-at="2025-12-10T14:32:41 CST" name="testTearDown" finished-at="2025-12-10T14:32:41 CST" duration-ms="245" status="PASS">
          <reporter-output>
          </reporter-output>
        </test-method> <!-- testTearDown -->
      </class> <!-- tests.SD3_Add_tems_To_Cart -->
      <class name="tests.SD6_Complete_Checkout_Process">
        <test-method is-config="true" signature="driverSetup()[pri:0, instance:tests.SD6_Complete_Checkout_Process@4ee203eb]" started-at="2025-12-10T14:32:46 CST" name="driverSetup" finished-at="2025-12-10T14:32:46 CST" duration-ms="881" status="PASS">
          <reporter-output>
          </reporter-output>
        </test-method> <!-- driverSetup -->
        <test-method signature="test_TD6_Complete_Checkout_Process()[pri:0, instance:tests.SD6_Complete_Checkout_Process@4ee203eb]" started-at="2025-12-10T14:32:46 CST" name="test_TD6_Complete_Checkout_Process" finished-at="2025-12-10T14:32:48 CST" duration-ms="1302" status="PASS">
          <reporter-output>
            <line>
              <![CDATA[1. Complete a successful login]]>
            </line>
            <line>
              <![CDATA[Navigated to https://www.saucedemo.com/]]>
            </line>
            <line>
              <![CDATA[Element clicked]]>
            </line>
            <line>
              <![CDATA[Successfully Signed In with the STANDARD account]]>
            </line>
            <line>
              <![CDATA[2. Add saucelabs backpack to cart]]>
            </line>
            <line>
              <![CDATA[Element clicked]]>
            </line>
            <line>
              <![CDATA[Sauce Labs backpack added to cart.]]>
            </line>
            <line>
              <![CDATA[3. Click cart button]]>
            </line>
            <line>
              <![CDATA[Element clicked]]>
            </line>
            <line>
              <![CDATA[4. Click checkout button]]>
            </line>
            <line>
              <![CDATA[Element clicked]]>
            </line>
            <line>
              <![CDATA[5. Write the following data :First name: JoeLast name: Doe12345 zip code]]>
            </line>
            <line>
              <![CDATA[Element visible]]>
            </line>
            <line>
              <![CDATA[Text Field filled.]]>
            </line>
            <line>
              <![CDATA[Element visible]]>
            </line>
            <line>
              <![CDATA[Text Field filled.]]>
            </line>
            <line>
              <![CDATA[Element visible]]>
            </line>
            <line>
              <![CDATA[Text Field filled.]]>
            </line>
            <line>
              <![CDATA[6. Click continue button]]>
            </line>
            <line>
              <![CDATA[Element clicked]]>
            </line>
            <line>
              <![CDATA[7.Validate we are in checkout overviewPage]]>
            </line>
            <line>
              <![CDATA[Page navigated to /checkout-step-two.html]]>
            </line>
            <line>
              <![CDATA[8. Verify price, tax and total is displayed]]>
            </line>
            <line>
              <![CDATA[Element visible]]>
            </line>
            <line>
              <![CDATA[Expected elements present.]]>
            </line>
            <line>
              <![CDATA[9. Click Finish button]]>
            </line>
            <line>
              <![CDATA[Element clicked]]>
            </line>
            <line>
              <![CDATA[10. Validate 'Thank you for your order'! message.]]>
            </line>
            <line>
              <![CDATA[Page navigated to /checkout-complete.html]]>
            </line>
            <line>
              <![CDATA[Element visible]]>
            </line>
            <line>
              <![CDATA[Element displayed]]>
            </line>
            <line>
              <![CDATA[11. Validate confirmation icon displayed.]]>
            </line>
            <line>
              <![CDATA[Element visible]]>
            </line>
            <line>
              <![CDATA[Element displayed]]>
            </line>
          </reporter-output>
        </test-method> <!-- test_TD6_Complete_Checkout_Process -->
        <test-method is-config="true" signature="testTearDown()[pri:0, instance:tests.SD6_Complete_Checkout_Process@4ee203eb]" started-at="2025-12-10T14:32:48 CST" name="testTearDown" finished-at="2025-12-10T14:32:48 CST" duration-ms="220" status="PASS">
          <reporter-output>
          </reporter-output>
        </test-method> <!-- testTearDown -->
      </class> <!-- tests.SD6_Complete_Checkout_Process -->
      <class name="tests.SD2_Invalid_Credentials_Login">
        <test-method is-config="true" signature="driverSetup()[pri:0, instance:tests.SD2_Invalid_Credentials_Login@24959ca4]" started-at="2025-12-10T14:32:26 CST" name="driverSetup" finished-at="2025-12-10T14:32:27 CST" duration-ms="858" status="PASS">
          <reporter-output>
          </reporter-output>
        </test-method> <!-- driverSetup -->
        <test-method signature="test_SD2_Invalid_Credentials_Login()[pri:0, instance:tests.SD2_Invalid_Credentials_Login@24959ca4]" started-at="2025-12-10T14:32:27 CST" name="test_SD2_Invalid_Credentials_Login" finished-at="2025-12-10T14:32:27 CST" duration-ms="787" status="PASS">
          <reporter-output>
            <line>
              <![CDATA[1. Navigate to: https://www.saucedemo.com]]>
            </line>
            <line>
              <![CDATA[Navigated to https://www.saucedemo.com/]]>
            </line>
            <line>
              <![CDATA[2. Write username: 'invalid_user']]>
            </line>
            <line>
              <![CDATA[3. Write password: 'wrong_password']]>
            </line>
            <line>
              <![CDATA[4. click 'Login' button]]>
            </line>
            <line>
              <![CDATA[Element clicked]]>
            </line>
            <line>
              <![CDATA[Successfully Signed In with the INVALID account]]>
            </line>
            <line>
              <![CDATA[5. Verify 'Epic sadface: Username and password do not match any user in this service' error message]]>
            </line>
            <line>
              <![CDATA[Element visible]]>
            </line>
            <line>
              <![CDATA[Element displayed]]>
            </line>
            <line>
              <![CDATA[Error message displayed correctly]]>
            </line>
            <line>
              <![CDATA[6. Verify page stays in LoginPage]]>
            </line>
            <line>
              <![CDATA[Page navigated to https://www.saucedemo.com/]]>
            </line>
          </reporter-output>
        </test-method> <!-- test_SD2_Invalid_Credentials_Login -->
        <test-method is-config="true" signature="testTearDown()[pri:0, instance:tests.SD2_Invalid_Credentials_Login@24959ca4]" started-at="2025-12-10T14:32:27 CST" name="testTearDown" finished-at="2025-12-10T14:32:28 CST" duration-ms="223" status="PASS">
          <reporter-output>
          </reporter-output>
        </test-method> <!-- testTearDown -->
      </class> <!-- tests.SD2_Invalid_Credentials_Login -->
      <class name="tests.SD1_Successful_Login">
        <test-method is-config="true" signature="driverSetup()[pri:0, instance:tests.SD1_Successful_Login@7d3e8655]" started-at="2025-12-10T14:32:22 CST" name="driverSetup" finished-at="2025-12-10T14:32:24 CST" duration-ms="2783" status="PASS">
          <reporter-output>
          </reporter-output>
        </test-method> <!-- driverSetup -->
        <test-method signature="test_SD1_Successful_Login()[pri:0, instance:tests.SD1_Successful_Login@7d3e8655]" started-at="2025-12-10T14:32:24 CST" name="test_SD1_Successful_Login" finished-at="2025-12-10T14:32:25 CST" duration-ms="1052" status="PASS">
          <reporter-output>
            <line>
              <![CDATA[1. Navigate to: https://www.saucedemo.com.]]>
            </line>
            <line>
              <![CDATA[Navigated to https://www.saucedemo.com/]]>
            </line>
            <line>
              <![CDATA[2. Write username: 'standard_user'.]]>
            </line>
            <line>
              <![CDATA[3. Write password: 'secret_sauce'.]]>
            </line>
            <line>
              <![CDATA[4. click 'Login' button.]]>
            </line>
            <line>
              <![CDATA[Element clicked]]>
            </line>
            <line>
              <![CDATA[Successfully Signed In with the STANDARD account]]>
            </line>
            <line>
              <![CDATA[5. Verify Url changed to '/inventory.html'.]]>
            </line>
            <line>
              <![CDATA[Page navigated to /inventory.html]]>
            </line>
            <line>
              <![CDATA[6. Verify page title is 'Products'.]]>
            </line>
            <line>
              <![CDATA[Inventory Page title dsiplayed correctly]]>
            </line>
          </reporter-output>
        </test-method> <!-- test_SD1_Successful_Login -->
        <test-method is-config="true" signature="testTearDown()[pri:0, instance:tests.SD1_Successful_Login@7d3e8655]" started-at="2025-12-10T14:32:25 CST" name="testTearDown" finished-at="2025-12-10T14:32:26 CST" duration-ms="215" status="PASS">
          <reporter-output>
          </reporter-output>
        </test-method> <!-- testTearDown -->
      </class> <!-- tests.SD1_Successful_Login -->
      <class name="tests.SD7_Price_Order_Low_To_High">
        <test-method is-config="true" signature="driverSetup()[pri:0, instance:tests.SD7_Price_Order_Low_To_High@1a5a4e19]" started-at="2025-12-10T14:32:48 CST" name="driverSetup" finished-at="2025-12-10T14:32:49 CST" duration-ms="940" status="PASS">
          <reporter-output>
          </reporter-output>
        </test-method> <!-- driverSetup -->
        <test-method signature="test_SD7_Price_Order_Low_To_High()[pri:0, instance:tests.SD7_Price_Order_Low_To_High@1a5a4e19]" started-at="2025-12-10T14:32:49 CST" name="test_SD7_Price_Order_Low_To_High" finished-at="2025-12-10T14:32:50 CST" duration-ms="875" status="PASS">
          <reporter-output>
            <line>
              <![CDATA[1. Complete a successful login]]>
            </line>
            <line>
              <![CDATA[Navigated to https://www.saucedemo.com/]]>
            </line>
            <line>
              <![CDATA[Element clicked]]>
            </line>
            <line>
              <![CDATA[Successfully Signed In with the STANDARD account]]>
            </line>
            <line>
              <![CDATA[2. Locate sort dropdown]]>
            </line>
            <line>
              <![CDATA[3. Sort by price (Low to high)]]>
            </line>
            <line>
              <![CDATA[Element visible]]>
            </line>
            <line>
              <![CDATA[Elements sorted with the valiue lohi✅]]>
            </line>
            <line>
              <![CDATA[4. Obtain all shown prices]]>
            </line>
            <line>
              <![CDATA[5. Verify prices are ordered low to high.]]>
            </line>
            <line>
              <![CDATA[Element visible]]>
            </line>
            <line>
              <![CDATA[prices sorted Low to High]]>
            </line>
          </reporter-output>
        </test-method> <!-- test_SD7_Price_Order_Low_To_High -->
        <test-method is-config="true" signature="testTearDown()[pri:0, instance:tests.SD7_Price_Order_Low_To_High@1a5a4e19]" started-at="2025-12-10T14:32:50 CST" name="testTearDown" finished-at="2025-12-10T14:32:50 CST" duration-ms="221" status="PASS">
          <reporter-output>
          </reporter-output>
        </test-method> <!-- testTearDown -->
      </class> <!-- tests.SD7_Price_Order_Low_To_High -->
      <class name="tests.SD10_Verify_Mandatory_Checkout_Fields">
        <test-method is-config="true" signature="driverSetup()[pri:0, instance:tests.SD10_Verify_Mandatory_Checkout_Fields@3e78b6a5]" started-at="2025-12-10T14:32:55 CST" name="driverSetup" finished-at="2025-12-10T14:32:56 CST" duration-ms="863" status="PASS">
          <reporter-output>
          </reporter-output>
        </test-method> <!-- driverSetup -->
        <test-method signature="test_SD10_Verify_Mandatory_Checkout_Fields()[pri:0, instance:tests.SD10_Verify_Mandatory_Checkout_Fields@3e78b6a5]" started-at="2025-12-10T14:32:56 CST" name="test_SD10_Verify_Mandatory_Checkout_Fields" finished-at="2025-12-10T14:32:57 CST" duration-ms="1720" status="PASS">
          <reporter-output>
            <line>
              <![CDATA[1. Complete a successful login]]>
            </line>
            <line>
              <![CDATA[Navigated to https://www.saucedemo.com/]]>
            </line>
            <line>
              <![CDATA[Element clicked]]>
            </line>
            <line>
              <![CDATA[Successfully Signed In with the STANDARD account]]>
            </line>
            <line>
              <![CDATA[2. Add any product to the cart and proceed to checkout]]>
            </line>
            <line>
              <![CDATA[Element clicked]]>
            </line>
            <line>
              <![CDATA[Sauce Labs backpack added to cart.]]>
            </line>
            <line>
              <![CDATA[Element clicked]]>
            </line>
            <line>
              <![CDATA[Element clicked]]>
            </line>
            <line>
              <![CDATA[3. Leave First Name field empty]]>
            </line>
            <line>
              <![CDATA[4. Fill Last name and ZIP code]]>
            </line>
            <line>
              <![CDATA[Element visible]]>
            </line>
            <line>
              <![CDATA[Text Field filled.]]>
            </line>
            <line>
              <![CDATA[Element visible]]>
            </line>
            <line>
              <![CDATA[Text Field filled.]]>
            </line>
            <line>
              <![CDATA[5. Click continue]]>
            </line>
            <line>
              <![CDATA[Element clicked]]>
            </line>
            <line>
              <![CDATA[6. Verify error message]]>
            </line>
            <line>
              <![CDATA[Element visible]]>
            </line>
            <line>
              <![CDATA[Element displayed]]>
            </line>
            <line>
              <![CDATA[Expected message: Error: First Name is required displayed]]>
            </line>
            <line>
              <![CDATA[Element clicked]]>
            </line>
            <line>
              <![CDATA[Element clicked]]>
            </line>
            <line>
              <![CDATA[7. Repeat with zip code and Last name]]>
            </line>
            <line>
              <![CDATA[Checking missing zip code error.]]>
            </line>
            <line>
              <![CDATA[Element visible]]>
            </line>
            <line>
              <![CDATA[Text Field filled.]]>
            </line>
            <line>
              <![CDATA[Element visible]]>
            </line>
            <line>
              <![CDATA[Text Field filled.]]>
            </line>
            <line>
              <![CDATA[Element clicked]]>
            </line>
            <line>
              <![CDATA[Element visible]]>
            </line>
            <line>
              <![CDATA[Element displayed]]>
            </line>
            <line>
              <![CDATA[Expected message: Error: Postal Code is required displayed]]>
            </line>
            <line>
              <![CDATA[Element clicked]]>
            </line>
            <line>
              <![CDATA[Element clicked]]>
            </line>
            <line>
              <![CDATA[Checking missing Last Name error.]]>
            </line>
            <line>
              <![CDATA[Element visible]]>
            </line>
            <line>
              <![CDATA[Text Field filled.]]>
            </line>
            <line>
              <![CDATA[Element visible]]>
            </line>
            <line>
              <![CDATA[Text Field filled.]]>
            </line>
            <line>
              <![CDATA[Element clicked]]>
            </line>
            <line>
              <![CDATA[Element visible]]>
            </line>
            <line>
              <![CDATA[Element displayed]]>
            </line>
            <line>
              <![CDATA[Expected message: Error: Last Name is required displayed]]>
            </line>
          </reporter-output>
        </test-method> <!-- test_SD10_Verify_Mandatory_Checkout_Fields -->
        <test-method is-config="true" signature="testTearDown()[pri:0, instance:tests.SD10_Verify_Mandatory_Checkout_Fields@3e78b6a5]" started-at="2025-12-10T14:32:57 CST" name="testTearDown" finished-at="2025-12-10T14:32:58 CST" duration-ms="204" status="PASS">
          <reporter-output>
          </reporter-output>
        </test-method> <!-- testTearDown -->
      </class> <!-- tests.SD10_Verify_Mandatory_Checkout_Fields -->
      <class name="tests.SD8_Verify_Logout">
        <test-method is-config="true" signature="driverSetup()[pri:0, instance:tests.SD8_Verify_Logout@7068e664]" started-at="2025-12-10T14:32:50 CST" name="driverSetup" finished-at="2025-12-10T14:32:51 CST" duration-ms="909" status="PASS">
          <reporter-output>
          </reporter-output>
        </test-method> <!-- driverSetup -->
        <test-method signature="test_SD8_Verify_Logout()[pri:0, instance:tests.SD8_Verify_Logout@7068e664]" started-at="2025-12-10T14:32:51 CST" name="test_SD8_Verify_Logout" finished-at="2025-12-10T14:32:52 CST" duration-ms="1507" status="PASS">
          <reporter-output>
            <line>
              <![CDATA[1. Complete a successful login]]>
            </line>
            <line>
              <![CDATA[Navigated to https://www.saucedemo.com/]]>
            </line>
            <line>
              <![CDATA[Element clicked]]>
            </line>
            <line>
              <![CDATA[Successfully Signed In with the STANDARD account]]>
            </line>
            <line>
              <![CDATA[2. Click Hamburguer menu]]>
            </line>
            <line>
              <![CDATA[Element visible]]>
            </line>
            <line>
              <![CDATA[Element clicked]]>
            </line>
            <line>
              <![CDATA[3. Click logout]]>
            </line>
            <line>
              <![CDATA[Element visible]]>
            </line>
            <line>
              <![CDATA[Element clicked]]>
            </line>
            <line>
              <![CDATA[4. Verify we are back in Login Page]]>
            </line>
            <line>
              <![CDATA[5. Verify URL is the main Page.]]>
            </line>
            <line>
              <![CDATA[Page navigated to https://www.saucedemo.com/]]>
            </line>
            <line>
              <![CDATA[6. Try to navigate to '/inventory.html'.]]>
            </line>
            <line>
              <![CDATA[Navigated to https://www.saucedemo.com/inventory.html]]>
            </line>
            <line>
              <![CDATA[7. Verify you are in login Page.]]>
            </line>
            <line>
              <![CDATA[Page navigated to https://www.saucedemo.com/]]>
            </line>
          </reporter-output>
        </test-method> <!-- test_SD8_Verify_Logout -->
        <test-method is-config="true" signature="testTearDown()[pri:0, instance:tests.SD8_Verify_Logout@7068e664]" started-at="2025-12-10T14:32:52 CST" name="testTearDown" finished-at="2025-12-10T14:32:53 CST" duration-ms="202" status="PASS">
          <reporter-output>
          </reporter-output>
        </test-method> <!-- testTearDown -->
      </class> <!-- tests.SD8_Verify_Logout -->
      <class name="tests.SD4_Remove_Product_From_Cart">
        <test-method is-config="true" signature="driverSetup()[pri:0, instance:tests.SD4_Remove_Product_From_Cart@5c86dbc5]" started-at="2025-12-10T14:32:41 CST" name="driverSetup" finished-at="2025-12-10T14:32:42 CST" duration-ms="951" status="PASS">
          <reporter-output>
          </reporter-output>
        </test-method> <!-- driverSetup -->
        <test-method signature="test_SD4_Remove_Product_From_Cart()[pri:0, instance:tests.SD4_Remove_Product_From_Cart@5c86dbc5]" started-at="2025-12-10T14:32:42 CST" name="test_SD4_Remove_Product_From_Cart" finished-at="2025-12-10T14:32:43 CST" duration-ms="973" status="PASS">
          <reporter-output>
            <line>
              <![CDATA[1. Complete a successful login]]>
            </line>
            <line>
              <![CDATA[Navigated to https://www.saucedemo.com/]]>
            </line>
            <line>
              <![CDATA[Element clicked]]>
            </line>
            <line>
              <![CDATA[Successfully Signed In with the STANDARD account]]>
            </line>
            <line>
              <![CDATA[2. Add saucelabs backpack to cart]]>
            </line>
            <line>
              <![CDATA[Element clicked]]>
            </line>
            <line>
              <![CDATA[Sauce Labs backpack added to cart.]]>
            </line>
            <line>
              <![CDATA[3. Click 'Remove' button]]>
            </line>
            <line>
              <![CDATA[Element clicked]]>
            </line>
            <line>
              <![CDATA[Sauce Labs backpack product removed.]]>
            </line>
            <line>
              <![CDATA[4. Verify button changed to 'Add to cart']]>
            </line>
            <line>
              <![CDATA[Element visible]]>
            </line>
            <line>
              <![CDATA[Element displayed]]>
            </line>
            <line>
              <![CDATA[Sauce Labs backpack add to cart button displayed.]]>
            </line>
            <line>
              <![CDATA[5. Verify Shoppin cart badge changed to '0']]>
            </line>
            <line>
              <![CDATA[Element visible]]>
            </line>
            <line>
              <![CDATA[No Elements in Cart Badge]]>
            </line>
          </reporter-output>
        </test-method> <!-- test_SD4_Remove_Product_From_Cart -->
        <test-method is-config="true" signature="testTearDown()[pri:0, instance:tests.SD4_Remove_Product_From_Cart@5c86dbc5]" started-at="2025-12-10T14:32:43 CST" name="testTearDown" finished-at="2025-12-10T14:32:44 CST" duration-ms="213" status="PASS">
          <reporter-output>
          </reporter-output>
        </test-method> <!-- testTearDown -->
      </class> <!-- tests.SD4_Remove_Product_From_Cart -->
      <class name="tests.SD9_Continue_Purchase_From_Cart">
        <test-method is-config="true" signature="driverSetup()[pri:0, instance:tests.SD9_Continue_Purchase_From_Cart@60db1c0e]" started-at="2025-12-10T14:32:53 CST" name="driverSetup" finished-at="2025-12-10T14:32:54 CST" duration-ms="921" status="PASS">
          <reporter-output>
          </reporter-output>
        </test-method> <!-- driverSetup -->
        <test-method signature="test_SD9_Continue_Purchase_From_Cart()[pri:0, instance:tests.SD9_Continue_Purchase_From_Cart@60db1c0e]" started-at="2025-12-10T14:32:54 CST" name="test_SD9_Continue_Purchase_From_Cart" finished-at="2025-12-10T14:32:55 CST" duration-ms="931" status="PASS">
          <reporter-output>
            <line>
              <![CDATA[1. Complete a successful login]]>
            </line>
            <line>
              <![CDATA[Navigated to https://www.saucedemo.com/]]>
            </line>
            <line>
              <![CDATA[Element clicked]]>
            </line>
            <line>
              <![CDATA[Successfully Signed In with the STANDARD account]]>
            </line>
            <line>
              <![CDATA[2. Add any product to the cart]]>
            </line>
            <line>
              <![CDATA[Element clicked]]>
            </line>
            <line>
              <![CDATA[Sauce Labs backpack added to cart.]]>
            </line>
            <line>
              <![CDATA[3. Click cart button]]>
            </line>
            <line>
              <![CDATA[Element clicked]]>
            </line>
            <line>
              <![CDATA[4. Click continue shopping button]]>
            </line>
            <line>
              <![CDATA[Element clicked]]>
            </line>
            <line>
              <![CDATA[5. Verify you are in 'inventory' page]]>
            </line>
            <line>
              <![CDATA[Inventory Page title dsiplayed correctly]]>
            </line>
          </reporter-output>
        </test-method> <!-- test_SD9_Continue_Purchase_From_Cart -->
        <test-method is-config="true" signature="testTearDown()[pri:0, instance:tests.SD9_Continue_Purchase_From_Cart@60db1c0e]" started-at="2025-12-10T14:32:55 CST" name="testTearDown" finished-at="2025-12-10T14:32:55 CST" duration-ms="206" status="PASS">
          <reporter-output>
          </reporter-output>
        </test-method> <!-- testTearDown -->
      </class> <!-- tests.SD9_Continue_Purchase_From_Cart -->
      <class name="tests.SD5_Verify_multiple_items_cart">
        <test-method is-config="true" signature="driverSetup()[pri:0, instance:tests.SD5_Verify_multiple_items_cart@461ad730]" started-at="2025-12-10T14:32:44 CST" name="driverSetup" finished-at="2025-12-10T14:32:44 CST" duration-ms="928" status="PASS">
          <reporter-output>
          </reporter-output>
        </test-method> <!-- driverSetup -->
        <test-method signature="test_Verify_multiple_items_cart()[pri:0, instance:tests.SD5_Verify_multiple_items_cart@461ad730]" started-at="2025-12-10T14:32:44 CST" name="test_Verify_multiple_items_cart" finished-at="2025-12-10T14:32:45 CST" duration-ms="886" status="PASS">
          <reporter-output>
            <line>
              <![CDATA[1. Complete a successful login]]>
            </line>
            <line>
              <![CDATA[Navigated to https://www.saucedemo.com/]]>
            </line>
            <line>
              <![CDATA[Element clicked]]>
            </line>
            <line>
              <![CDATA[Successfully Signed In with the STANDARD account]]>
            </line>
            <line>
              <![CDATA[2. Add saucelabs backpack to cart]]>
            </line>
            <line>
              <![CDATA[Element clicked]]>
            </line>
            <line>
              <![CDATA[Sauce Labs backpack added to cart.]]>
            </line>
            <line>
              <![CDATA[3. Add saucelabs bike light to cart]]>
            </line>
            <line>
              <![CDATA[Element clicked]]>
            </line>
            <line>
              <![CDATA[Sauce Labs bicke light added to cart.]]>
            </line>
            <line>
              <![CDATA[4. Click cart button]]>
            </line>
            <line>
              <![CDATA[Element clicked]]>
            </line>
            <line>
              <![CDATA[5. verify url changes to '/cart.html']]>
            </line>
            <line>
              <![CDATA[Page navigated to /cart.html]]>
            </line>
            <line>
              <![CDATA[6. verify there are 2 items in the cart page]]>
            </line>
            <line>
              <![CDATA[7. verify both product names and prices are in the cart page]]>
            </line>
          </reporter-output>
        </test-method> <!-- test_Verify_multiple_items_cart -->
        <test-method is-config="true" signature="testTearDown()[pri:0, instance:tests.SD5_Verify_multiple_items_cart@461ad730]" started-at="2025-12-10T14:32:45 CST" name="testTearDown" finished-at="2025-12-10T14:32:46 CST" duration-ms="219" status="PASS">
          <reporter-output>
          </reporter-output>
        </test-method> <!-- testTearDown -->
      </class> <!-- tests.SD5_Verify_multiple_items_cart -->
    </test> <!-- Complete proyect -->
  </suite> <!-- TestSuite -->
</testng-results>
