<?xml version="1.0" encoding="UTF-8"?>
<!-- Generated by org.testng.reporters.JUnitReportReporter -->
<testsuite hostname="DESKTOP-GLEKVMM" failures="0" tests="1" name="tests.SD10_Verify_Mandatory_Checkout_Fields" time="3.354" errors="0" timestamp="2025-11-19T14:34:29 CST" skipped="0">
  <testcase classname="tests.SD10_Verify_Mandatory_Checkout_Fields" name="test_SD10_Verify_Mandatory_Checkout_Fields" time="3.354">
    <system-out>
      <![CDATA[1. Complete a successful login
Navigated to https://www.saucedemo.com/
Element clicked
Successfully Signed In with the STANDARD account
2. Add any product to the cart and proceed to checkout
Element clicked
Sauce Labs backpack added to cart.
Element clicked
Element clicked
3. Leave First Name field empty
4. Fill Last name and ZIP code
Element visible
Text Field filled.
Element visible
Text Field filled.
5. Click continue
Element clicked
6. Verify error message
Element visible
Element displayed
Expected message: Error: First Name is required displayed
Element clicked
Element clicked
7. Repeat with zip code and Last name
Checking missing zip code error.
Element visible
Text Field filled.
Element visible
Text Field filled.
Element clicked
Element visible
Element displayed
Expected message: Error: Postal Code is required displayed
Element clicked
Element clicked
Checking missing Last Name error.
Element visible
Text Field filled.
Element visible
Text Field filled.
Element clicked
Element visible
Element displayed
Expected message: Error: Last Name is required displayed]]>
    </system-out>
  </testcase> <!-- test_SD10_Verify_Mandatory_Checkout_Fields -->
  <system-out>
    <![CDATA[1. Complete a successful login
Navigated to https://www.saucedemo.com/
Element clicked
Successfully Signed In with the STANDARD account
2. Add any product to the cart and proceed to checkout
Element clicked
Sauce Labs backpack added to cart.
Element clicked
Element clicked
3. Leave First Name field empty
4. Fill Last name and ZIP code
Element visible
Text Field filled.
Element visible
Text Field filled.
5. Click continue
Element clicked
6. Verify error message
Element visible
Element displayed
Expected message: Error: First Name is required displayed
Element clicked
Element clicked
7. Repeat with zip code and Last name
Checking missing zip code error.
Element visible
Text Field filled.
Element visible
Text Field filled.
Element clicked
Element visible
Element displayed
Expected message: Error: Postal Code is required displayed
Element clicked
Element clicked
Checking missing Last Name error.
Element visible
Text Field filled.
Element visible
Text Field filled.
Element clicked
Element visible
Element displayed
Expected message: Error: Last Name is required displayed]]>
  </system-out>
</testsuite> <!-- tests.SD10_Verify_Mandatory_Checkout_Fields -->
