<?xml version="1.0" encoding="UTF-8"?>
<!-- Generated by org.testng.reporters.JUnitReportReporter -->
<testsuite hostname="DESKTOP-GLEKVMM" failures="0" tests="1" name="tests.SD7_Price_Order_Low_To_High" time="2.628" errors="0" timestamp="2025-11-18T12:51:37 CST" skipped="0">
  <testcase classname="tests.SD7_Price_Order_Low_To_High" name="test_SD7_Price_Order_Low_To_High" time="2.628">
    <system-out>
      <![CDATA[1. Complete a successful login
Navigated to https://www.saucedemo.com/
Element clicked
Successfully Signed In with the STANDARD account
2. Locate sort dropdown
3. Sort by price (Low to high)
Element visible
Elements sorted with the valiue lohi✅
4. Obtain all shown prices
5. Verify prices are ordered low to high.
Element visible]]>
    </system-out>
  </testcase> <!-- test_SD7_Price_Order_Low_To_High -->
  <system-out>
    <![CDATA[1. Complete a successful login
Navigated to https://www.saucedemo.com/
Element clicked
Successfully Signed In with the STANDARD account
2. Locate sort dropdown
3. Sort by price (Low to high)
Element visible
Elements sorted with the valiue lohi✅
4. Obtain all shown prices
5. Verify prices are ordered low to high.
Element visible]]>
  </system-out>
</testsuite> <!-- tests.SD7_Price_Order_Low_To_High -->
