<?xml version="1.0" encoding="UTF-8"?>
<!-- Generated by org.testng.reporters.JUnitReportReporter -->
<testsuite hostname="DESKTOP-GLEKVMM" failures="0" tests="1" name="tests.SD3_Add_tems_To_Cart" time="1.924" errors="0" timestamp="2025-12-10T13:27:37 CST" skipped="0">
  <testcase classname="tests.SD3_Add_tems_To_Cart" name="test_SD3_AddI_tems_To_Cart" time="1.924">
    <system-out>
      <![CDATA[1. Complete a successful login
Navigated to https://www.saucedemo.com/
Element clicked
Successfully Signed In with the STANDARD account
2. Locate 'Sauce Labs backpack' item
3. Click 'Add to Cart' button
Element clicked
Sauce Labs backpack added to cart.
4. Verify button changed to 'Remove'
Element visible
Element displayed
Sauce Labs backpack remove button displayed.
5. Verify Shoppin cart badge changed to '1'
Element visible
Expected badge number: 1 Is the actual badge number: 1]]>
    </system-out>
  </testcase> <!-- test_SD3_AddI_tems_To_Cart -->
  <system-out>
    <![CDATA[1. Navigate to: https://www.saucedemo.com
Navigated to https://www.saucedemo.com/
2. Write username: 'standard_user'
3. Write password: 'secret_sauce'
4. click 'Login' button
Element clicked
Successfully Signed In with the STANDARD account
5. Verify Url changed to '/inventory.html'
Page navigated to /inventory.html
6. Verify page title is 'Products'
Inventory Page title dsiplayed correctly
1. Navigate to: https://www.saucedemo.com
Navigated to https://www.saucedemo.com/
2. Write username: 'invalid_user'
3. Write password: 'wrong_password'
4. click 'Login' button
Element clicked
Successfully Signed In with the INVALID account
5. Verify 'Epic sadface: Username and password do not match any user in this service' error message
Element visible
Element displayed
Error message displayed correctly
6. Verify page stays in LoginPage
Page navigated to https://www.saucedemo.com/
1. Complete a successful login
Navigated to https://www.saucedemo.com/
Element clicked
Successfully Signed In with the STANDARD account
2. Locate 'Sauce Labs backpack' item
3. Click 'Add to Cart' button
Element clicked
Sauce Labs backpack added to cart.
4. Verify button changed to 'Remove'
Element visible
Element displayed
Sauce Labs backpack remove button displayed.
5. Verify Shoppin cart badge changed to '1'
Element visible
Expected badge number: 1 Is the actual badge number: 1
1. Complete a successful login
Navigated to https://www.saucedemo.com/
Element clicked
Successfully Signed In with the STANDARD account
2. Add saucelabs backpack to cart
Element clicked
Sauce Labs backpack added to cart.
3. Click 'Remove' button
Element clicked
Sauce Labs backpack product removed.
4. Verify button changed to 'Add to cart'
Element visible
Element displayed
Sauce Labs backpack add to cart button displayed.
5. Verify Shoppin cart badge changed to '0'
Element visible
No Elements in Cart Badge
1. Complete a successful login
Navigated to https://www.saucedemo.com/
Element clicked
Successfully Signed In with the STANDARD account
2. Add saucelabs backpack to cart
Element clicked
Sauce Labs backpack added to cart.
3. Add saucelabs bike light to cart
Element clicked
Sauce Labs bicke light added to cart.
4. Click cart button
Element clicked
5. verify url changes to '/cart.html'
Page navigated to /cart.html
6. verify there are 2 items in the cart page
7. verify both product names and prices are in the cart page
1. Complete a successful login
Navigated to https://www.saucedemo.com/
Element clicked
Successfully Signed In with the STANDARD account
2. Add saucelabs backpack to cart
Element clicked
Sauce Labs backpack added to cart.
3. Click cart button
Element clicked
4. Click checkout button
Element clicked
5. Write the following data :First name: JoeLast name: Doe12345 zip code
Element visible
Text Field filled.
Element visible
Text Field filled.
Element visible
Text Field filled.
6. Click continue button
Element clicked
7.Validate we are in checkout overviewPage
Page navigated to /checkout-step-two.html
8. Verify price, tax and total is displayed
Element visible
Expected elements present.
9. Click Finish button
Element clicked
10. Validate 'Thank you for your order'! message.
Page navigated to /checkout-complete.html
Element visible
Element displayed
11. Validate confirmation icon displayed.
Element visible
Element displayed
1. Complete a successful login
Navigated to https://www.saucedemo.com/
Element clicked
Successfully Signed In with the STANDARD account
2. Locate sort dropdown
3. Sort by price (Low to high)
Element visible
Elements sorted with the valiue lohi✅
4. Obtain all shown prices
5. Verify prices are ordered low to high.
Element visible
prices sorted Low to High
1. Complete a successful login
Navigated to https://www.saucedemo.com/
Element clicked
Successfully Signed In with the STANDARD account
2. Click Hamburguer menu
Element visible
Element clicked
3. Click logout
Element visible
Element clicked
4. Verify we are back in Login Page
5. Verify URL is the main Page.
Page navigated to https://www.saucedemo.com/
6. Try to navigate to '/inventory.html'.
Navigated to https://www.saucedemo.com/inventory.html
7. Verify you are in login Page.
Page navigated to https://www.saucedemo.com/
1. Complete a successful login
Navigated to https://www.saucedemo.com/
Element clicked
Successfully Signed In with the STANDARD account
2. Add any product to the cart
Element clicked
Sauce Labs backpack added to cart.
3. Click cart button
Element clicked
4. Click continue shopping button
Element clicked
5. Verify you are in 'inventory' page
Inventory Page title dsiplayed correctly
1. Complete a successful login
Navigated to https://www.saucedemo.com/
Element clicked
Successfully Signed In with the STANDARD account
2. Add any product to the cart and proceed to checkout
Element clicked
Sauce Labs backpack added to cart.
Element clicked
Element clicked
3. Leave First Name field empty
4. Fill Last name and ZIP code
Element visible
Text Field filled.
Element visible
Text Field filled.
5. Click continue
Element clicked
6. Verify error message
Element visible
Element displayed
Expected message: Error: First Name is required displayed
Element clicked
Element clicked
7. Repeat with zip code and Last name
Checking missing zip code error.
Element visible
Text Field filled.
Element visible
Text Field filled.
Element clicked
Element visible
Element displayed
Expected message: Error: Postal Code is required displayed
Element clicked
Element clicked
Checking missing Last Name error.
Element visible
Text Field filled.
Element visible
Text Field filled.
Element clicked
Element visible
Element displayed
Expected message: Error: Last Name is required displayed]]>
  </system-out>
</testsuite> <!-- tests.SD3_Add_tems_To_Cart -->
