<?xml version="1.0" encoding="UTF-8"?>
<!-- Generated by org.testng.reporters.JUnitXMLReporter -->
<testsuite ignored="0" hostname="DESKTOP-GLEKVMM" failures="0" tests="10" name="Complete proyect" time="35.896" errors="0" timestamp="2025-12-10T14:32:58 CST">
  <testcase classname="tests.SD1_Successful_Login" name="test_SD1_Successful_Login" time="1.052"/>
  <testcase classname="tests.SD2_Invalid_Credentials_Login" name="test_SD2_Invalid_Credentials_Login" time="0.787"/>
  <testcase classname="tests.SD3_Add_tems_To_Cart" name="test_SD3_AddI_tems_To_Cart" time="12.748"/>
  <testcase classname="tests.SD4_Remove_Product_From_Cart" name="test_SD4_Remove_Product_From_Cart" time="0.973"/>
  <testcase classname="tests.SD5_Verify_multiple_items_cart" name="test_Verify_multiple_items_cart" time="0.886"/>
  <testcase classname="tests.SD6_Complete_Checkout_Process" name="test_TD6_Complete_Checkout_Process" time="1.302"/>
  <testcase classname="tests.SD7_Price_Order_Low_To_High" name="test_SD7_Price_Order_Low_To_High" time="0.875"/>
  <testcase classname="tests.SD8_Verify_Logout" name="test_SD8_Verify_Logout" time="1.507"/>
  <testcase classname="tests.SD9_Continue_Purchase_From_Cart" name="test_SD9_Continue_Purchase_From_Cart" time="0.931"/>
  <testcase classname="tests.SD10_Verify_Mandatory_Checkout_Fields" name="test_SD10_Verify_Mandatory_Checkout_Fields" time="1.72"/>
</testsuite> <!-- Complete proyect -->
